<?xml version="1.0" encoding="UTF-8"?>
<!-- Generated by org.testng.reporters.JUnitXMLReporter -->
<testsuite ignored="0" hostname="LTIN509369" failures="1" tests="3" name="Test" time="0.117" errors="0" timestamp="2024-03-30T13:41:31 IST">
  <testcase classname="mypackage1.TestNGListners" name="test1" time="0.014"/>
  <testcase classname="mypackage1.TestNGListners" name="test2" time="0.02">
    <failure type="java.lang.AssertionError" message="expected [B] but found [A]">
      <![CDATA[java.lang.AssertionError: expected [B] but found [A]
at mypackage1.TestNGListners.test2(TestNGListners.java:14)
at java.base/java.util.ArrayList.forEach(ArrayList.java:1511)
... Removed 33 stack frames]]>
    </failure>
  </testcase> <!-- test2 -->
  <testcase classname="mypackage1.TestNGListners" name="test3" time="0.0">
    <skipped/>
  </testcase> <!-- test3 -->
</testsuite> <!-- Test -->
